#
# There is insufficient memory for the Java Runtime Environment to continue.
# Native memory allocation (mmap) failed to map 268435456 bytes for G1 virtual space
# Possible reasons:
#   The system is out of physical RAM or swap space
#   The process is running with CompressedOops enabled, and the Java Heap may be blocking the growth of the native heap
# Possible solutions:
#   Reduce memory load on the system
#   Increase physical memory or swap space
#   Check if swap backing store is full
#   Decrease Java heap size (-Xmx/-Xms)
#   Decrease number of Java threads
#   Decrease Java thread stack sizes (-Xss)
#   Set larger code cache with -XX:ReservedCodeCacheSize=
#   JVM is running with Zero Based Compressed Oops mode in which the Java heap is
#     placed in the first 32GB address space. The Java Heap base address is the
#     maximum limit for the native heap growth. Please use -XX:HeapBaseMinAddress
#     to set the Java Heap base and to place the Java Heap above 32GB virtual address.
# This output file may be truncated or incomplete.
#
#  Out of Memory Error (os_windows.cpp:3536), pid=31912, tid=35688
#
# JRE version:  (19.0.2+7) (build )
# Java VM: Java HotSpot(TM) 64-Bit Server VM (19.0.2+7-44, mixed mode, sharing, tiered, compressed oops, compressed class ptrs, g1 gc, windows-amd64)
# No core dump will be written. Minidumps are not enabled by default on client versions of Windows
#

---------------  S U M M A R Y ------------

Command Line: -Dfile.encoding=UTF-8 -XX:+ShowCodeDetailsInExceptionMessages Executavel.OJogo

Host: AMD Ryzen 5 3600 6-Core Processor              , 12 cores, 15G,  Windows 10 , 64 bit Build 19041 (10.0.19041.2546)
Time: Fri Mar 24 16:02:45 2023 Hora oficial do Brasil elapsed time: 0.010087 seconds (0d 0h 0m 0s)

---------------  T H R E A D  ---------------

Current thread (0x00000199a5dcb5f0):  JavaThread "Unknown thread" [_thread_in_vm, id=35688, stack(0x0000001d67e00000,0x0000001d67f00000)]

Stack: [0x0000001d67e00000,0x0000001d67f00000]
Native frames: (J=compiled Java code, j=interpreted, Vv=VM code, C=native code)
V  [jvm.dll+0x6ee21a]
V  [jvm.dll+0x85765e]
V  [jvm.dll+0x85904e]
V  [jvm.dll+0x859703]
V  [jvm.dll+0x28298f]
V  [jvm.dll+0x6eb009]
V  [jvm.dll+0x6dfbaa]
V  [jvm.dll+0x3573f6]
V  [jvm.dll+0x35ee56]
V  [jvm.dll+0x3b541e]
V  [jvm.dll+0x3b564f]
V  [jvm.dll+0x32c9ea]
V  [jvm.dll+0x32d89e]
V  [jvm.dll+0x821780]
V  [jvm.dll+0x3c2661]
V  [jvm.dll+0x801f51]
V  [jvm.dll+0x44ae8f]
V  [jvm.dll+0x44c811]
C  [jli.dll+0x5287]
C  [ucrtbase.dll+0x21bb2]
C  [KERNEL32.DLL+0x17614]
C  [ntdll.dll+0x526a1]


---------------  P R O C E S S  ---------------

Threads class SMR info:
_java_thread_list=0x00007ff800c4d048, length=0, elements={
}

Java Threads: ( => current thread )

Other Threads:
  0x00000199a5e3b310 WorkerThread "GC Thread#0" [stack: 0x0000001d67f00000,0x0000001d68000000] [id=35684]
  0x00000199a5e4db10 ConcurrentGCThread "G1 Main Marker" [stack: 0x0000001d68000000,0x0000001d68100000] [id=31552]
  0x00000199a5e4e540 WorkerThread "G1 Conc#0" [stack: 0x0000001d68100000,0x0000001d68200000] [id=35676]

[error occurred during error reporting (printing all threads), id 0xc0000005, EXCEPTION_ACCESS_VIOLATION (0xc0000005) at pc=0x00007ff80040d427]

VM state: not at safepoint (not fully initialized)

VM Mutex/Monitor currently owned by a thread:  ([mutex/lock_event])
[0x00000199a5dc7950] Heap_lock - owner thread: 0x00000199a5dcb5f0

Heap address: 0x0000000700c00000, size: 4084 MB, Compressed Oops mode: Zero based, Oop shift amount: 3

CDS archive(s) mapped at: [0x0000000000000000-0x0000000000000000-0x0000000000000000), size 0, SharedBaseAddress: 0x0000000800000000, ArchiveRelocationMode: 0.
Narrow klass base: 0x0000000000000000, Narrow klass shift: 0, Narrow klass range: 0x0

GC Precious Log:
 CardTable entry size: 512
 Card Set container configuration: InlinePtr #cards 4 size 8 Array Of Cards #cards 16 size 48 Howl #buckets 8 coarsen threshold 3686 Howl Bitmap #cards 512 size 80 coarsen threshold 460 Card regions per heap region 1 cards per card region 4096

Heap:
 garbage-first heap   total 0K, used 0K [0x0000000700c00000, 0x0000000800000000)
  region size 2048K, 0 young (0K), 0 survivors (0K)

[error occurred during error reporting (printing heap information), id 0xc0000005, EXCEPTION_ACCESS_VIOLATION (0xc0000005) at pc=0x00007ff800816649]

GC Heap History (0 events):
No events

Dll operation events (1 events):
Event: 0.004 Loaded shared library D:\Program Files\Java\jdk-19\bin\java.dll

Deoptimization events (0 events):
No events

Classes loaded (0 events):
No events

Classes unloaded (0 events):
No events

Classes redefined (0 events):
No events

Internal exceptions (0 events):
No events

VM Operations (0 events):
No events

Events (0 events):
No events


Dynamic libraries:
0x00007ff6f2cb0000 - 0x00007ff6f2cc0000 	D:\Program Files\Java\jdk-19\bin\javaw.exe
0x00007ff8a0890000 - 0x00007ff8a0a88000 	C:\Windows\SYSTEM32\ntdll.dll
0x00007ff89ed80000 - 0x00007ff89ee3f000 	C:\Windows\System32\KERNEL32.DLL
0x00007ff89e5d0000 - 0x00007ff89e8a2000 	C:\Windows\System32\KERNELBASE.dll
0x00007ff89e320000 - 0x00007ff89e420000 	C:\Windows\System32\ucrtbase.dll
0x00007ff8942f0000 - 0x00007ff894308000 	D:\Program Files\Java\jdk-19\bin\jli.dll
0x00007ff894310000 - 0x00007ff89432b000 	D:\Program Files\Java\jdk-19\bin\VCRUNTIME140.dll
0x00007ff8a0490000 - 0x00007ff8a053e000 	C:\Windows\System32\ADVAPI32.dll
0x00007ff89eef0000 - 0x00007ff89ef8e000 	C:\Windows\System32\msvcrt.dll
0x00007ff89f440000 - 0x00007ff89f4dc000 	C:\Windows\System32\sechost.dll
0x00007ff89f620000 - 0x00007ff89f744000 	C:\Windows\System32\RPCRT4.dll
0x00007ff8a0670000 - 0x00007ff8a0811000 	C:\Windows\System32\USER32.dll
0x00007ff886330000 - 0x00007ff8865ca000 	C:\Windows\WinSxS\amd64_microsoft.windows.common-controls_6595b64144ccf1df_6.0.19041.1110_none_60b5254171f9507e\COMCTL32.dll
0x00007ff89e170000 - 0x00007ff89e192000 	C:\Windows\System32\win32u.dll
0x00007ff89f5f0000 - 0x00007ff89f61b000 	C:\Windows\System32\GDI32.dll
0x00007ff89e420000 - 0x00007ff89e52f000 	C:\Windows\System32\gdi32full.dll
0x00007ff89e530000 - 0x00007ff89e5cd000 	C:\Windows\System32\msvcp_win.dll
0x00007ff8958f0000 - 0x00007ff8958fa000 	C:\Windows\SYSTEM32\VERSION.dll
0x00007ff89f5c0000 - 0x00007ff89f5f0000 	C:\Windows\System32\IMM32.DLL
0x00007ff894280000 - 0x00007ff89428c000 	D:\Program Files\Java\jdk-19\bin\vcruntime140_1.dll
0x00007ff867680000 - 0x00007ff86770e000 	D:\Program Files\Java\jdk-19\bin\msvcp140.dll
0x00007ff8000d0000 - 0x00007ff800d90000 	D:\Program Files\Java\jdk-19\bin\server\jvm.dll
0x00007ff895a70000 - 0x00007ff895a97000 	C:\Windows\SYSTEM32\WINMM.dll
0x00007ff89b740000 - 0x00007ff89b749000 	C:\Windows\SYSTEM32\WSOCK32.dll
0x00007ff89f370000 - 0x00007ff89f3db000 	C:\Windows\System32\WS2_32.dll
0x00007ff89be40000 - 0x00007ff89be52000 	C:\Windows\SYSTEM32\kernel.appcore.dll
0x00007ff894270000 - 0x00007ff89427a000 	D:\Program Files\Java\jdk-19\bin\jimage.dll
0x00007ff897810000 - 0x00007ff8979f4000 	C:\Windows\SYSTEM32\DBGHELP.DLL
0x00007ff88a050000 - 0x00007ff88a085000 	C:\Windows\SYSTEM32\dbgcore.DLL
0x00007ff89e210000 - 0x00007ff89e292000 	C:\Windows\System32\bcryptPrimitives.dll
0x00007ff87c810000 - 0x00007ff87c836000 	D:\Program Files\Java\jdk-19\bin\java.dll

dbghelp: loaded successfully - version: 4.0.5 - missing functions: none
symbol engine: initialized successfully - sym options: 0x614 - pdb path: .;D:\Program Files\Java\jdk-19\bin;C:\Windows\SYSTEM32;C:\Windows\WinSxS\amd64_microsoft.windows.common-controls_6595b64144ccf1df_6.0.19041.1110_none_60b5254171f9507e;D:\Program Files\Java\jdk-19\bin\server

VM Arguments:
jvm_args: -Dfile.encoding=UTF-8 -XX:+ShowCodeDetailsInExceptionMessages 
java_command: Executavel.OJogo
java_class_path (initial): C:\workspace\PedraPapelOuTesoura\bin
Launcher Type: SUN_STANDARD

[Global flags]
     intx CICompilerCount                          = 4                                         {product} {ergonomic}
     uint ConcGCThreads                            = 3                                         {product} {ergonomic}
     uint G1ConcRefinementThreads                  = 10                                        {product} {ergonomic}
   size_t G1HeapRegionSize                         = 2097152                                   {product} {ergonomic}
    uintx GCDrainStackTargetSize                   = 64                                        {product} {ergonomic}
   size_t InitialHeapSize                          = 268435456                                 {product} {ergonomic}
   size_t MarkStackSize                            = 4194304                                   {product} {ergonomic}
   size_t MaxHeapSize                              = 4282384384                                {product} {ergonomic}
   size_t MinHeapDeltaBytes                        = 2097152                                   {product} {ergonomic}
   size_t MinHeapSize                              = 8388608                                   {product} {ergonomic}
    uintx NonNMethodCodeHeapSize                   = 5839372                                {pd product} {ergonomic}
    uintx NonProfiledCodeHeapSize                  = 122909434                              {pd product} {ergonomic}
    uintx ProfiledCodeHeapSize                     = 122909434                              {pd product} {ergonomic}
    uintx ReservedCodeCacheSize                    = 251658240                              {pd product} {ergonomic}
     bool SegmentedCodeCache                       = true                                      {product} {ergonomic}
     bool ShowCodeDetailsInExceptionMessages       = true                                   {manageable} {command line}
   size_t SoftMaxHeapSize                          = 4282384384                             {manageable} {ergonomic}
     bool UseCompressedClassPointers               = true                           {product lp64_product} {ergonomic}
     bool UseCompressedOops                        = true                           {product lp64_product} {ergonomic}
     bool UseG1GC                                  = true                                      {product} {ergonomic}
     bool UseLargePagesIndividualAllocation        = false                                  {pd product} {ergonomic}

Logging:
Log output configuration:
 #0: stdout all=warning uptime,level,tags foldmultilines=false
 #1: stderr all=off uptime,level,tags foldmultilines=false

Environment Variables:
JAVA_HOME=D:\Program Files\Java\jdk-19
PATH=C:/Users/emann/Downloads/eclipse-jee-2022-12-R-win32-x86_64/eclipse//plugins/org.eclipse.justj.openjdk.hotspot.jre.full.win32.x86_64_17.0.5.v20221102-0933/jre/bin/server;C:/Users/emann/Downloads/eclipse-jee-2022-12-R-win32-x86_64/eclipse//plugins/org.eclipse.justj.openjdk.hotspot.jre.full.win32.x86_64_17.0.5.v20221102-0933/jre/bin;C:\Program Files\Common Files\Oracle\Java\javapath;C:\Windows\system32;C:\Windows;C:\Windows\System32\Wbem;C:\Windows\System32\WindowsPowerShell\v1.0\;C:\Windows\System32\OpenSSH\;C:\Program Files (x86)\dotnet\;D:\Program Files\Java\jdk-19\bin;C:\Users\emann\AppData\Local\Microsoft\WindowsApps;;C:\Users\emann\Downloads\eclipse-jee-2022-12-R-win32-x86_64\eclipse;
USERNAME=emann
OS=Windows_NT
PROCESSOR_IDENTIFIER=AMD64 Family 23 Model 113 Stepping 0, AuthenticAMD
TMP=C:\Users\emann\AppData\Local\Temp
TEMP=C:\Users\emann\AppData\Local\Temp



---------------  S Y S T E M  ---------------

OS:
 Windows 10 , 64 bit Build 19041 (10.0.19041.2546)
OS uptime: 0 days 23:51 hours

CPU: total 12 (initial active 12) (12 cores per cpu, 2 threads per core) family 23 model 113 stepping 0 microcode 0x0, cx8, cmov, fxsr, ht, mmx, 3dnowpref, sse, sse2, sse3, ssse3, sse4a, sse4.1, sse4.2, popcnt, lzcnt, tsc, tscinvbit, avx, avx2, aes, clmul, bmi1, bmi2, adx, sha, fma, vzeroupper, clflush, clflushopt, rdtscp, rdpid

Memory: 4k page, system-wide physical 16334M (2553M free)
TotalPageFile size 65454M (AvailPageFile size 208M)
current process WorkingSet (physical memory assigned to process): 10M, peak: 10M
current process commit charge ("private bytes"): 64M, peak: 320M

vm_info: Java HotSpot(TM) 64-Bit Server VM (19.0.2+7-44) for windows-amd64 JRE (19.0.2+7-44), built on 2022-11-30T18:02:09Z by "mach5one" with MS VC++ 17.1 (VS2022)

END.
